<?xml version="1.0" encoding="UTF-8"?>
<!-- Generated by org.testng.reporters.JUnitXMLReporter -->
<testsuite hostname="Amit-Mahale" ignored="0" name="Default test" tests="5" failures="0" timestamp="2021-03-25T22:32:40 EDT" time="0.065" errors="0">
  <testcase name="@BeforeClass startBrowser" time="-1.616725960803E9" classname="pages.BaseClass">
    <failure type="org.testng.TestNGException" message="
Parameter &amp;apos;browser&amp;apos; is required by BeforeClass on method startBrowser but has not been marked @Optional or defined
in C:\Users\amit1\AppData\Local\Temp\testng-eclipse--1369683780\testng-customsuite.xml">
      <![CDATA[org.testng.TestNGException: 
Parameter 'browser' is required by BeforeClass on method startBrowser but has not been marked @Optional or defined
in C:\Users\amit1\AppData\Local\Temp\testng-eclipse--1369683780\testng-customsuite.xml
at org.testng.internal.Parameters.createParams(Parameters.java:268)
at org.testng.internal.Parameters.createParametersForMethod(Parameters.java:356)
at org.testng.internal.Parameters.createParameters(Parameters.java:700)
at org.testng.internal.Parameters.createConfigurationParameters(Parameters.java:166)
at org.testng.internal.ConfigInvoker.invokeConfigurations(ConfigInvoker.java:301)
at org.testng.internal.TestMethodWorker.invokeBeforeClassMethods(TestMethodWorker.java:176)
at org.testng.internal.TestMethodWorker.run(TestMethodWorker.java:122)
at java.util.ArrayList.forEach(ArrayList.java:1259)
at org.testng.TestRunner.privateRun(TestRunner.java:764)
at org.testng.TestRunner.run(TestRunner.java:585)
at org.testng.SuiteRunner.runTest(SuiteRunner.java:384)
at org.testng.SuiteRunner.runSequentially(SuiteRunner.java:378)
at org.testng.SuiteRunner.privateRun(SuiteRunner.java:337)
at org.testng.SuiteRunner.run(SuiteRunner.java:286)
at org.testng.SuiteRunnerWorker.runSuite(SuiteRunnerWorker.java:53)
at org.testng.SuiteRunnerWorker.run(SuiteRunnerWorker.java:96)
at org.testng.TestNG.runSuitesSequentially(TestNG.java:1218)
at org.testng.TestNG.runSuitesLocally(TestNG.java:1140)
at org.testng.TestNG.runSuites(TestNG.java:1069)
at org.testng.TestNG.run(TestNG.java:1037)
at org.testng.remote.AbstractRemoteTestNG.run(AbstractRemoteTestNG.java:115)
at org.testng.remote.RemoteTestNG.initAndRun(RemoteTestNG.java:251)
at org.testng.remote.RemoteTestNG.main(RemoteTestNG.java:77)
]]>
    </failure>
  </testcase> <!-- @BeforeClass startBrowser -->
  <testcase name="@AfterMethod addResultToReport" time="-1.61672596083E9" classname="pages.BaseClass">
    <skipped/>
  </testcase> <!-- @AfterMethod addResultToReport -->
  <testcase name="@AfterMethod addResultToReport" time="-1.616725960836E9" classname="pages.BaseClass">
    <skipped/>
  </testcase> <!-- @AfterMethod addResultToReport -->
  <testcase name="@AfterMethod addResultToReport" time="-1.616725960842E9" classname="pages.BaseClass">
    <skipped/>
  </testcase> <!-- @AfterMethod addResultToReport -->
  <testcase name="@AfterMethod addResultToReport" time="-1.616725960846E9" classname="pages.BaseClass">
    <skipped/>
  </testcase> <!-- @AfterMethod addResultToReport -->
  <testcase name="@AfterMethod addResultToReport" time="-1.61672596085E9" classname="pages.BaseClass">
    <skipped/>
  </testcase> <!-- @AfterMethod addResultToReport -->
  <testcase name="@AfterClass closeBrowser" time="-1.616725960851E9" classname="pages.BaseClass">
    <skipped/>
  </testcase> <!-- @AfterClass closeBrowser -->
  <testcase name="verifyTitleTest" time="0.0" classname="testcases.TestLoginPage">
    <skipped/>
  </testcase> <!-- verifyTitleTest -->
  <testcase name="verifySocialLinksTest" time="0.0" classname="testcases.TestLoginPage">
    <skipped/>
  </testcase> <!-- verifySocialLinksTest -->
  <testcase name="loginTest" time="0.0" classname="testcases.TestLoginPage">
    <skipped/>
  </testcase> <!-- loginTest -->
  <testcase name="logoutTest" time="0.0" classname="testcases.TestLoginPage">
    <skipped/>
  </testcase> <!-- logoutTest -->
  <testcase name="verifyLogoutTest" time="0.0" classname="testcases.TestLoginPage">
    <skipped/>
  </testcase> <!-- verifyLogoutTest -->
</testsuite> <!-- Default test -->
