<?xml version="1.0" encoding="UTF-8"?>
<testng-results skipped="0" failed="0" ignored="0" total="3" passed="3">
  <reporter-output>
    <line>
      <![CDATA[LOG:INFO-Type username]]>
    </line>
    <line>
      <![CDATA[LOG:INFO-Type password]]>
    </line>
    <line>
      <![CDATA[LOG:INFO-Click on button]]>
    </line>
  </reporter-output>
  <suite name="Default suite" duration-ms="20332" started-at="2021-03-31T17:31:46 EDT" finished-at="2021-03-31T17:32:06 EDT">
    <groups>
    </groups>
    <test name="Default test" duration-ms="20332" started-at="2021-03-31T17:31:46 EDT" finished-at="2021-03-31T17:32:06 EDT">
      <class name="testcases.TestAdminPage">
        <test-method status="PASS" signature="setupReport()[pri:0, instance:testcases.TestAdminPage@6ee52dcd]" name="setupReport" is-config="true" duration-ms="215" started-at="2021-03-31T17:31:46 EDT" finished-at="2021-03-31T17:31:46 EDT">
          <reporter-output>
          </reporter-output>
        </test-method> <!-- setupReport -->
        <test-method status="PASS" signature="startBrowser()[pri:0, instance:testcases.TestAdminPage@6ee52dcd]" name="startBrowser" is-config="true" duration-ms="7683" started-at="2021-03-31T17:31:46 EDT" finished-at="2021-03-31T17:31:54 EDT">
          <reporter-output>
          </reporter-output>
        </test-method> <!-- startBrowser -->
        <test-method status="PASS" signature="verifyAfterLoginTest()[pri:1, instance:testcases.TestAdminPage@6ee52dcd]" name="verifyAfterLoginTest" duration-ms="7387" started-at="2021-03-31T17:31:54 EDT" finished-at="2021-03-31T17:32:01 EDT">
          <reporter-output>
            <line>
              <![CDATA[LOG:INFO-Type username]]>
            </line>
            <line>
              <![CDATA[LOG:INFO-Type password]]>
            </line>
            <line>
              <![CDATA[LOG:INFO-Click on button]]>
            </line>
          </reporter-output>
        </test-method> <!-- verifyAfterLoginTest -->
        <test-method status="PASS" signature="addResultToReport(org.testng.ITestResult)[pri:0, instance:testcases.TestAdminPage@6ee52dcd]" name="addResultToReport" is-config="true" duration-ms="502" started-at="2021-03-31T17:32:01 EDT" finished-at="2021-03-31T17:32:02 EDT">
          <params>
            <param index="0">
              <value>
                <![CDATA[[TestResult name=verifyAfterLoginTest status=SUCCESS method=TestAdminPage.verifyAfterLoginTest()[pri:1, instance:testcases.TestAdminPage@6ee52dcd] output=LOG:INFO-Type username]]]>
              </value>
            </param>
          </params>
          <reporter-output>
          </reporter-output>
        </test-method> <!-- addResultToReport -->
        <test-method status="PASS" signature="clickOnAdminLinkTest()[pri:2, instance:testcases.TestAdminPage@6ee52dcd]" name="clickOnAdminLinkTest" duration-ms="3722" started-at="2021-03-31T17:32:02 EDT" finished-at="2021-03-31T17:32:05 EDT">
          <reporter-output>
          </reporter-output>
        </test-method> <!-- clickOnAdminLinkTest -->
        <test-method status="PASS" signature="addResultToReport(org.testng.ITestResult)[pri:0, instance:testcases.TestAdminPage@6ee52dcd]" name="addResultToReport" is-config="true" duration-ms="92" started-at="2021-03-31T17:32:05 EDT" finished-at="2021-03-31T17:32:06 EDT">
          <params>
            <param index="0">
              <value>
                <![CDATA[[TestResult name=clickOnAdminLinkTest status=SUCCESS method=TestAdminPage.clickOnAdminLinkTest()[pri:2, instance:testcases.TestAdminPage@6ee52dcd] output={null}]]]>
              </value>
            </param>
          </params>
          <reporter-output>
          </reporter-output>
        </test-method> <!-- addResultToReport -->
        <test-method status="PASS" signature="verifyLogoutTest()[pri:3, instance:testcases.TestAdminPage@6ee52dcd]" name="verifyLogoutTest" duration-ms="19" started-at="2021-03-31T17:32:06 EDT" finished-at="2021-03-31T17:32:06 EDT">
          <reporter-output>
          </reporter-output>
        </test-method> <!-- verifyLogoutTest -->
        <test-method status="PASS" signature="addResultToReport(org.testng.ITestResult)[pri:0, instance:testcases.TestAdminPage@6ee52dcd]" name="addResultToReport" is-config="true" duration-ms="98" started-at="2021-03-31T17:32:06 EDT" finished-at="2021-03-31T17:32:06 EDT">
          <params>
            <param index="0">
              <value>
                <![CDATA[[TestResult name=verifyLogoutTest status=SUCCESS method=TestAdminPage.verifyLogoutTest()[pri:3, instance:testcases.TestAdminPage@6ee52dcd] output={null}]]]>
              </value>
            </param>
          </params>
          <reporter-output>
          </reporter-output>
        </test-method> <!-- addResultToReport -->
        <test-method status="PASS" signature="closeBrowser()[pri:0, instance:testcases.TestAdminPage@6ee52dcd]" name="closeBrowser" is-config="true" duration-ms="720" started-at="2021-03-31T17:32:06 EDT" finished-at="2021-03-31T17:32:06 EDT">
          <reporter-output>
          </reporter-output>
        </test-method> <!-- closeBrowser -->
      </class> <!-- testcases.TestAdminPage -->
    </test> <!-- Default test -->
  </suite> <!-- Default suite -->
</testng-results>
